<?xml version="1.0" encoding="UTF-8" ?>
<testsuite errors="0" failures="1" hostname="Candice" name="se3projecta.Model.TheatreSessionTest" skipped="0" tests="3" time="0.469" timestamp="2014-06-18T17:02:41">
  <properties>
[...]
</properties>
  <testcase classname="se3projecta.Model.TheatreSessionTest" name="testContiguousAllocation" time="0.062" />
  <testcase classname="se3projecta.Model.TheatreSessionTest" name="testNonIsolation" time="0.031">
    <failure message="expected:&lt;true&gt; but was:&lt;false&gt;" type="junit.framework.AssertionFailedError">junit.framework.AssertionFailedError: expected:&lt;true&gt; but was:&lt;false&gt;
	at se3projecta.Model.TheatreSessionTest.testNonIsolation(TheatreSessionTest.java:328)
	at se3projecta.Model.TheatreSessionTest.testNonIsolation(TheatreSessionTest.java:247)
</failure>
  </testcase>
  <testcase classname="se3projecta.Model.TheatreSessionTest" name="testSeatType" time="0.079" />
  <system-out><![CDATA[Random Allocation of Seats Test Suite

Test Contiguous Allocation
	Test Case: session number 0, seat type Bronze, number of seats 60
	Test Case: session number 1, seat type Bronze, number of seats 10
	Test Case: session number 2, seat type Bronze, number of seats 69
	Test Case: session number 3, seat type Bronze, number of seats 13
	Test Case: session number 4, seat type Bronze, number of seats 43
	Test Case: session number 5, seat type Bronze, number of seats 80
	Test Case: session number 6, seat type Bronze, number of seats 66
	Test Case: session number 7, seat type Bronze, number of seats 27
	Test Case: session number 8, seat type Bronze, number of seats 36
	Test Case: session number 9, seat type Bronze, number of seats 78
	Test Case: session number 10, seat type Bronze, number of seats 12
	Test Case: session number 11, seat type Bronze, number of seats 22
	Test Case: session number 12, seat type Bronze, number of seats 26
	Test Case: session number 13, seat type Bronze, number of seats 45
	Test Case: session number 14, seat type Bronze, number of seats 52
	Test Case: session number 15, seat type Bronze, number of seats 66
	Test Case: session number 16, seat type Bronze, number of seats 21
	Test Case: session number 17, seat type Bronze, number of seats 0
	Test Case: session number 18, seat type Bronze, number of seats 66
	Test Case: session number 19, seat type Bronze, number of seats 20
	Test Case: session number 20, seat type Bronze, number of seats 18

	Test Case: session number 0, seat type Silver, number of seats 85
	Test Case: session number 1, seat type Silver, number of seats 89
	Test Case: session number 2, seat type Silver, number of seats 80
	Test Case: session number 3, seat type Silver, number of seats 71
	Test Case: session number 4, seat type Silver, number of seats 44
	Test Case: session number 5, seat type Silver, number of seats 5
	Test Case: session number 6, seat type Silver, number of seats 3
	Test Case: session number 7, seat type Silver, number of seats 24
	Test Case: session number 8, seat type Silver, number of seats 51
	Test Case: session number 9, seat type Silver, number of seats 54
	Test Case: session number 10, seat type Silver, number of seats 65
	Test Case: session number 11, seat type Silver, number of seats 50
	Test Case: session number 12, seat type Silver, number of seats 64
	Test Case: session number 13, seat type Silver, number of seats 64
	Test Case: session number 14, seat type Silver, number of seats 12
	Test Case: session number 15, seat type Silver, number of seats 55
	Test Case: session number 16, seat type Silver, number of seats 29
	Test Case: session number 17, seat type Silver, number of seats 21
	Test Case: session number 18, seat type Silver, number of seats 57
	Test Case: session number 19, seat type Silver, number of seats 88
	Test Case: session number 20, seat type Silver, number of seats 63

	Test Case: session number 0, seat type Gold, number of seats 26
	Test Case: session number 1, seat type Gold, number of seats 6
	Test Case: session number 2, seat type Gold, number of seats 35
	Test Case: session number 3, seat type Gold, number of seats 36
	Test Case: session number 4, seat type Gold, number of seats 14
	Test Case: session number 5, seat type Gold, number of seats 6
	Test Case: session number 6, seat type Gold, number of seats 12
	Test Case: session number 7, seat type Gold, number of seats 26
	Test Case: session number 8, seat type Gold, number of seats 32
	Test Case: session number 9, seat type Gold, number of seats 12
	Test Case: session number 10, seat type Gold, number of seats 6
	Test Case: session number 11, seat type Gold, number of seats 9
	Test Case: session number 12, seat type Gold, number of seats 30
	Test Case: session number 13, seat type Gold, number of seats 22
	Test Case: session number 14, seat type Gold, number of seats 14
	Test Case: session number 15, seat type Gold, number of seats 13
	Test Case: session number 16, seat type Gold, number of seats 40
	Test Case: session number 17, seat type Gold, number of seats 19
	Test Case: session number 18, seat type Gold, number of seats 35
	Test Case: session number 19, seat type Gold, number of seats 41
	Test Case: session number 20, seat type Gold, number of seats 6
End Test Contiguous Allocation


Test Non Isolation
	Test Case: session number 0, seat type Bronze, number of seats 2
7 20
7 21
	Test Case: session number 0, seat type Bronze, number of seats 3
0 19
0 20
0 21
	Test Case: session number 0, seat type Bronze, number of seats 4
2 0
2 1
2 2
2 3
	Test Case: session number 0, seat type Bronze, number of seats 5
3 17
3 18
3 19
3 20
3 21
	Test Case: session number 0, seat type Bronze, number of seats 6
4 2
4 3
4 4
4 5
4 6
4 7
	Test Case: session number 0, seat type Bronze, number of seats 7
3 1
3 2
3 3
3 4
3 5
3 6
3 7
	Test Case: session number 0, seat type Bronze, number of seats 8
4 14
4 15
4 16
4 17
4 18
4 19
4 20
4 21
	Test Case: session number 0, seat type Bronze, number of seats 9
3 14
3 15
3 16
3 17
3 18
3 19
3 20
3 21
3 22
	Test Case: session number 0, seat type Bronze, number of seats 10
3 2
3 3
3 4
3 5
3 6
3 14
3 15
3 16
3 17
3 18
	Test Case: session number 0, seat type Bronze, number of seats 11
3 4
3 5
3 6
3 7
3 8
3 15
3 16
3 17
3 18
3 19
7 22
A: 7 22

Test Seat Type
	Test Case: session number 0, seat type Bronze, number of seats 23
	Test Case: session number 1, seat type Bronze, number of seats 2
	Test Case: session number 2, seat type Bronze, number of seats 65
	Test Case: session number 3, seat type Bronze, number of seats 79
	Test Case: session number 4, seat type Bronze, number of seats 49
	Test Case: session number 5, seat type Bronze, number of seats 32
	Test Case: session number 6, seat type Bronze, number of seats 16
	Test Case: session number 7, seat type Bronze, number of seats 13
	Test Case: session number 8, seat type Bronze, number of seats 57
	Test Case: session number 9, seat type Bronze, number of seats 63
	Test Case: session number 10, seat type Bronze, number of seats 15
	Test Case: session number 11, seat type Bronze, number of seats 42
	Test Case: session number 12, seat type Bronze, number of seats 82
	Test Case: session number 13, seat type Bronze, number of seats 39
	Test Case: session number 14, seat type Bronze, number of seats 38
	Test Case: session number 15, seat type Bronze, number of seats 21
	Test Case: session number 16, seat type Bronze, number of seats 20
	Test Case: session number 17, seat type Bronze, number of seats 22
	Test Case: session number 18, seat type Bronze, number of seats 80
	Test Case: session number 19, seat type Bronze, number of seats 46
	Test Case: session number 20, seat type Bronze, number of seats 18

	Test Case: session number 0, seat type Silver, number of seats 50
	Test Case: session number 1, seat type Silver, number of seats 9
	Test Case: session number 2, seat type Silver, number of seats 50
	Test Case: session number 3, seat type Silver, number of seats 38
	Test Case: session number 4, seat type Silver, number of seats 67
	Test Case: session number 5, seat type Silver, number of seats 80
	Test Case: session number 6, seat type Silver, number of seats 72
	Test Case: session number 7, seat type Silver, number of seats 60
	Test Case: session number 8, seat type Silver, number of seats 61
	Test Case: session number 9, seat type Silver, number of seats 29
	Test Case: session number 10, seat type Silver, number of seats 29
	Test Case: session number 11, seat type Silver, number of seats 21
	Test Case: session number 12, seat type Silver, number of seats 77
	Test Case: session number 13, seat type Silver, number of seats 15
	Test Case: session number 14, seat type Silver, number of seats 9
	Test Case: session number 15, seat type Silver, number of seats 51
	Test Case: session number 16, seat type Silver, number of seats 83
	Test Case: session number 17, seat type Silver, number of seats 46
	Test Case: session number 18, seat type Silver, number of seats 77
	Test Case: session number 19, seat type Silver, number of seats 45
	Test Case: session number 20, seat type Silver, number of seats 32

	Test Case: session number 0, seat type Gold, number of seats 6
	Test Case: session number 1, seat type Gold, number of seats 31
	Test Case: session number 2, seat type Gold, number of seats 20
	Test Case: session number 3, seat type Gold, number of seats 17
	Test Case: session number 4, seat type Gold, number of seats 19
	Test Case: session number 5, seat type Gold, number of seats 2
	Test Case: session number 6, seat type Gold, number of seats 35
	Test Case: session number 7, seat type Gold, number of seats 14
	Test Case: session number 8, seat type Gold, number of seats 38
	Test Case: session number 9, seat type Gold, number of seats 10
	Test Case: session number 10, seat type Gold, number of seats 16
	Test Case: session number 11, seat type Gold, number of seats 1
	Test Case: session number 12, seat type Gold, number of seats 40
	Test Case: session number 13, seat type Gold, number of seats 17
	Test Case: session number 14, seat type Gold, number of seats 30
	Test Case: session number 15, seat type Gold, number of seats 7
	Test Case: session number 16, seat type Gold, number of seats 5
	Test Case: session number 17, seat type Gold, number of seats 11
	Test Case: session number 18, seat type Gold, number of seats 38
	Test Case: session number 19, seat type Gold, number of seats 3
	Test Case: session number 20, seat type Gold, number of seats 1
End Test Seat Type

]]></system-out>
  <system-err><![CDATA[]]></system-err>
</testsuite>
